This file contains any messages produced by compilers while
running configure, to aid debugging if configure makes a mistake.

It was created by Octopoda configure 1.0.0.0, which was
generated by GNU Autoconf 2.63.  Invocation command line was

  $ ./configure 

## --------- ##
## Platform. ##
## --------- ##

hostname = jacky
uname -m = x86_64
uname -r = 2.6.32-431.11.2.el6.x86_64
uname -s = Linux
uname -v = #1 SMP Tue Mar 25 19:59:55 UTC 2014

/usr/bin/uname -p = unknown
/bin/uname -X     = unknown

/bin/arch              = x86_64
/usr/bin/arch -k       = unknown
/usr/convex/getsysinfo = unknown
/usr/bin/hostinfo      = unknown
/bin/machine           = unknown
/usr/bin/oslevel       = unknown
/bin/universe          = unknown

PATH: /usr/lib64/qt-3.3/bin
PATH: /usr/local/bin
PATH: /usr/bin
PATH: /bin
PATH: /usr/local/sbin
PATH: /usr/sbin
PATH: /sbin
PATH: /home/jacky/bin


## ----------- ##
## Core tests. ##
## ----------- ##

configure:1848: checking for g++
configure:1864: found /usr/bin/g++
configure:1875: result: g++
configure:1902: checking for C++ compiler version
configure:1910: g++ --version >&5
g++ (GCC) 4.4.7 20120313 (Red Hat 4.4.7-4)
Copyright (C) 2010 Free Software Foundation, Inc.
This is free software; see the source for copying conditions.  There is NO
warranty; not even for MERCHANTABILITY or FITNESS FOR A PARTICULAR PURPOSE.

configure:1914: $? = 0
configure:1921: g++ -v >&5
Using built-in specs.
Target: x86_64-redhat-linux
Configured with: ../configure --prefix=/usr --mandir=/usr/share/man --infodir=/usr/share/info --with-bugurl=http://bugzilla.redhat.com/bugzilla --enable-bootstrap --enable-shared --enable-threads=posix --enable-checking=release --with-system-zlib --enable-__cxa_atexit --disable-libunwind-exceptions --enable-gnu-unique-object --enable-languages=c,c++,objc,obj-c++,java,fortran,ada --enable-java-awt=gtk --disable-dssi --with-java-home=/usr/lib/jvm/java-1.5.0-gcj-1.5.0.0/jre --enable-libgcj-multifile --enable-java-maintainer-mode --with-ecj-jar=/usr/share/java/eclipse-ecj.jar --disable-libjava-multilib --with-ppl --with-cloog --with-tune=generic --with-arch_32=i686 --build=x86_64-redhat-linux
Thread model: posix
gcc version 4.4.7 20120313 (Red Hat 4.4.7-4) (GCC) 
configure:1925: $? = 0
configure:1932: g++ -V >&5
g++: '-V' option must have argument
configure:1936: $? = 1
configure:1959: checking for C++ compiler default output file name
configure:1981: g++    conftest.cpp  >&5
configure:1985: $? = 0
configure:2023: result: a.out
configure:2042: checking whether the C++ compiler works
configure:2052: ./a.out
configure:2056: $? = 0
configure:2075: result: yes
configure:2082: checking whether we are cross compiling
configure:2084: result: no
configure:2087: checking for suffix of executables
configure:2094: g++ -o conftest    conftest.cpp  >&5
configure:2098: $? = 0
configure:2124: result: 
configure:2130: checking for suffix of object files
configure:2156: g++ -c   conftest.cpp >&5
configure:2160: $? = 0
configure:2185: result: o
configure:2189: checking whether we are using the GNU C++ compiler
configure:2218: g++ -c   conftest.cpp >&5
configure:2225: $? = 0
configure:2242: result: yes
configure:2251: checking whether g++ accepts -g
configure:2281: g++ -c -g  conftest.cpp >&5
configure:2288: $? = 0
configure:2389: result: yes
configure:2463: checking for gcc
configure:2479: found /usr/bin/gcc
configure:2490: result: gcc
configure:2722: checking for C compiler version
configure:2730: gcc --version >&5
gcc (GCC) 4.4.7 20120313 (Red Hat 4.4.7-4)
Copyright (C) 2010 Free Software Foundation, Inc.
This is free software; see the source for copying conditions.  There is NO
warranty; not even for MERCHANTABILITY or FITNESS FOR A PARTICULAR PURPOSE.

configure:2734: $? = 0
configure:2741: gcc -v >&5
Using built-in specs.
Target: x86_64-redhat-linux
Configured with: ../configure --prefix=/usr --mandir=/usr/share/man --infodir=/usr/share/info --with-bugurl=http://bugzilla.redhat.com/bugzilla --enable-bootstrap --enable-shared --enable-threads=posix --enable-checking=release --with-system-zlib --enable-__cxa_atexit --disable-libunwind-exceptions --enable-gnu-unique-object --enable-languages=c,c++,objc,obj-c++,java,fortran,ada --enable-java-awt=gtk --disable-dssi --with-java-home=/usr/lib/jvm/java-1.5.0-gcj-1.5.0.0/jre --enable-libgcj-multifile --enable-java-maintainer-mode --with-ecj-jar=/usr/share/java/eclipse-ecj.jar --disable-libjava-multilib --with-ppl --with-cloog --with-tune=generic --with-arch_32=i686 --build=x86_64-redhat-linux
Thread model: posix
gcc version 4.4.7 20120313 (Red Hat 4.4.7-4) (GCC) 
configure:2745: $? = 0
configure:2752: gcc -V >&5
gcc: '-V' option must have argument
configure:2756: $? = 1
configure:2759: checking whether we are using the GNU C compiler
configure:2788: gcc -c   conftest.c >&5
configure:2795: $? = 0
configure:2812: result: yes
configure:2821: checking whether gcc accepts -g
configure:2851: gcc -c -g  conftest.c >&5
configure:2858: $? = 0
configure:2959: result: yes
configure:2976: checking for gcc option to accept ISO C89
configure:3050: gcc  -c -g -O2  conftest.c >&5
configure:3057: $? = 0
configure:3080: result: none needed
configure:3100: checking for main in -lBaseARE
configure:3129: gcc -o conftest -g -O2   conftest.c -lBaseARE  -L/home/jacky/work/SealsARE/BaseARE/ >&5
configure:3136: $? = 0
configure:3157: result: yes
configure:3179: checking how to run the C preprocessor
configure:3219: gcc -E  conftest.c
configure:3226: $? = 0
configure:3257: gcc -E  conftest.c
conftest.c:9:28: error: ac_nonexistent.h: No such file or directory
configure:3264: $? = 1
configure: failed program was:
| /* confdefs.h.  */
| #define PACKAGE_NAME "Octopoda"
| #define PACKAGE_TARNAME "octopoda"
| #define PACKAGE_VERSION "1.0.0.0"
| #define PACKAGE_STRING "Octopoda 1.0.0.0"
| #define PACKAGE_BUGREPORT "BUG-REPORT-ADDRESS"
| #define HAVE_LIBBASEARE 1
| /* end confdefs.h.  */
| #include <ac_nonexistent.h>
configure:3297: result: gcc -E
configure:3326: gcc -E  conftest.c
configure:3333: $? = 0
configure:3364: gcc -E  conftest.c
conftest.c:9:28: error: ac_nonexistent.h: No such file or directory
configure:3371: $? = 1
configure: failed program was:
| /* confdefs.h.  */
| #define PACKAGE_NAME "Octopoda"
| #define PACKAGE_TARNAME "octopoda"
| #define PACKAGE_VERSION "1.0.0.0"
| #define PACKAGE_STRING "Octopoda 1.0.0.0"
| #define PACKAGE_BUGREPORT "BUG-REPORT-ADDRESS"
| #define HAVE_LIBBASEARE 1
| /* end confdefs.h.  */
| #include <ac_nonexistent.h>
configure:3411: checking for grep that handles long lines and -e
configure:3471: result: /bin/grep
configure:3476: checking for egrep
configure:3540: result: /bin/grep -E
configure:3545: checking for ANSI C header files
configure:3575: gcc -c -g -O2  conftest.c >&5
configure:3582: $? = 0
configure:3681: gcc -o conftest -g -O2   conftest.c -lBaseARE -L/home/jacky/work/SealsARE/BaseARE/ >&5
configure:3685: $? = 0
configure:3691: ./conftest
configure:3695: $? = 0
configure:3713: result: yes
configure:3737: checking for sys/types.h
configure:3758: gcc -c -g -O2  conftest.c >&5
configure:3765: $? = 0
configure:3782: result: yes
configure:3737: checking for sys/stat.h
configure:3758: gcc -c -g -O2  conftest.c >&5
configure:3765: $? = 0
configure:3782: result: yes
configure:3737: checking for stdlib.h
configure:3758: gcc -c -g -O2  conftest.c >&5
configure:3765: $? = 0
configure:3782: result: yes
configure:3737: checking for string.h
configure:3758: gcc -c -g -O2  conftest.c >&5
configure:3765: $? = 0
configure:3782: result: yes
configure:3737: checking for memory.h
configure:3758: gcc -c -g -O2  conftest.c >&5
configure:3765: $? = 0
configure:3782: result: yes
configure:3737: checking for strings.h
configure:3758: gcc -c -g -O2  conftest.c >&5
configure:3765: $? = 0
configure:3782: result: yes
configure:3737: checking for inttypes.h
configure:3758: gcc -c -g -O2  conftest.c >&5
configure:3765: $? = 0
configure:3782: result: yes
configure:3737: checking for stdint.h
configure:3758: gcc -c -g -O2  conftest.c >&5
configure:3765: $? = 0
configure:3782: result: yes
configure:3737: checking for unistd.h
configure:3758: gcc -c -g -O2  conftest.c >&5
configure:3765: $? = 0
configure:3782: result: yes
configure:3797: checking for int32_t
configure:3828: gcc -c -g -O2  conftest.c >&5
configure:3835: $? = 0
configure:3864: gcc -c -g -O2  conftest.c >&5
conftest.c: In function 'main':
conftest.c:56: warning: integer overflow in expression
conftest.c:56: error: size of array 'test_array' is negative
configure:3871: $? = 1
configure: failed program was:
| /* confdefs.h.  */
| #define PACKAGE_NAME "Octopoda"
| #define PACKAGE_TARNAME "octopoda"
| #define PACKAGE_VERSION "1.0.0.0"
| #define PACKAGE_STRING "Octopoda 1.0.0.0"
| #define PACKAGE_BUGREPORT "BUG-REPORT-ADDRESS"
| #define HAVE_LIBBASEARE 1
| #define STDC_HEADERS 1
| #define HAVE_SYS_TYPES_H 1
| #define HAVE_SYS_STAT_H 1
| #define HAVE_STDLIB_H 1
| #define HAVE_STRING_H 1
| #define HAVE_MEMORY_H 1
| #define HAVE_STRINGS_H 1
| #define HAVE_INTTYPES_H 1
| #define HAVE_STDINT_H 1
| #define HAVE_UNISTD_H 1
| /* end confdefs.h.  */
| #include <stdio.h>
| #ifdef HAVE_SYS_TYPES_H
| # include <sys/types.h>
| #endif
| #ifdef HAVE_SYS_STAT_H
| # include <sys/stat.h>
| #endif
| #ifdef STDC_HEADERS
| # include <stdlib.h>
| # include <stddef.h>
| #else
| # ifdef HAVE_STDLIB_H
| #  include <stdlib.h>
| # endif
| #endif
| #ifdef HAVE_STRING_H
| # if !defined STDC_HEADERS && defined HAVE_MEMORY_H
| #  include <memory.h>
| # endif
| # include <string.h>
| #endif
| #ifdef HAVE_STRINGS_H
| # include <strings.h>
| #endif
| #ifdef HAVE_INTTYPES_H
| # include <inttypes.h>
| #endif
| #ifdef HAVE_STDINT_H
| # include <stdint.h>
| #endif
| #ifdef HAVE_UNISTD_H
| # include <unistd.h>
| #endif
| int
| main ()
| {
| static int test_array [1 - 2 * !((int32_t) ((((int32_t) 1 << (32 - 2)) - 1) * 2 + 1)
| 		 < (int32_t) ((((int32_t) 1 << (32 - 2)) - 1) * 2 + 2))];
| test_array [0] = 0
| 
|   ;
|   return 0;
| }
configure:3900: result: yes
configure:4019: creating ./config.status

## ---------------------- ##
## Running config.status. ##
## ---------------------- ##

This file was extended by Octopoda config.status 1.0.0.0, which was
generated by GNU Autoconf 2.63.  Invocation command line was

  CONFIG_FILES    = 
  CONFIG_HEADERS  = 
  CONFIG_LINKS    = 
  CONFIG_COMMANDS = 
  $ ./config.status 

on jacky

config.status:709: error: cannot find input file: Makefile.in

## ---------------- ##
## Cache variables. ##
## ---------------- ##

ac_cv_c_compiler_gnu=yes
ac_cv_c_int32_t=yes
ac_cv_cxx_compiler_gnu=yes
ac_cv_env_CCC_set=
ac_cv_env_CCC_value=
ac_cv_env_CC_set=
ac_cv_env_CC_value=
ac_cv_env_CFLAGS_set=
ac_cv_env_CFLAGS_value=
ac_cv_env_CPPFLAGS_set=
ac_cv_env_CPPFLAGS_value=
ac_cv_env_CPP_set=
ac_cv_env_CPP_value=
ac_cv_env_CXXFLAGS_set=
ac_cv_env_CXXFLAGS_value=
ac_cv_env_CXX_set=
ac_cv_env_CXX_value=
ac_cv_env_LDFLAGS_set=
ac_cv_env_LDFLAGS_value=
ac_cv_env_LIBS_set=
ac_cv_env_LIBS_value=
ac_cv_env_build_alias_set=
ac_cv_env_build_alias_value=
ac_cv_env_host_alias_set=
ac_cv_env_host_alias_value=
ac_cv_env_target_alias_set=
ac_cv_env_target_alias_value=
ac_cv_header_inttypes_h=yes
ac_cv_header_memory_h=yes
ac_cv_header_stdc=yes
ac_cv_header_stdint_h=yes
ac_cv_header_stdlib_h=yes
ac_cv_header_string_h=yes
ac_cv_header_strings_h=yes
ac_cv_header_sys_stat_h=yes
ac_cv_header_sys_types_h=yes
ac_cv_header_unistd_h=yes
ac_cv_lib_BaseARE=ac_cv_lib_BaseARE_main
ac_cv_lib_BaseARE_main=yes
ac_cv_objext=o
ac_cv_path_EGREP='/bin/grep -E'
ac_cv_path_GREP=/bin/grep
ac_cv_prog_CPP='gcc -E'
ac_cv_prog_ac_ct_CC=gcc
ac_cv_prog_ac_ct_CXX=g++
ac_cv_prog_cc_c89=
ac_cv_prog_cc_g=yes
ac_cv_prog_cxx_g=yes

## ----------------- ##
## Output variables. ##
## ----------------- ##

CC='gcc'
CFLAGS='-g -O2'
CPP='gcc -E'
CPPFLAGS=''
CXX='g++'
CXXFLAGS='-g -O2'
DEFS='-DHAVE_CONFIG_H'
ECHO_C=''
ECHO_N='-n'
ECHO_T=''
EGREP='/bin/grep -E'
EXEEXT=''
GREP='/bin/grep'
LDFLAGS=''
LIBOBJS=''
LIBS='-lBaseARE -L/home/jacky/work/SealsARE/BaseARE/'
LTLIBOBJS=''
OBJEXT='o'
PACKAGE_BUGREPORT='BUG-REPORT-ADDRESS'
PACKAGE_NAME='Octopoda'
PACKAGE_STRING='Octopoda 1.0.0.0'
PACKAGE_TARNAME='octopoda'
PACKAGE_VERSION='1.0.0.0'
PATH_SEPARATOR=':'
SHELL='/bin/sh'
ac_ct_CC='gcc'
ac_ct_CXX='g++'
bindir='${exec_prefix}/bin'
build_alias=''
datadir='${datarootdir}'
datarootdir='${prefix}/share'
docdir='${datarootdir}/doc/${PACKAGE_TARNAME}'
dvidir='${docdir}'
exec_prefix='${prefix}'
host_alias=''
htmldir='${docdir}'
includedir='${prefix}/include'
infodir='${datarootdir}/info'
libdir='${exec_prefix}/lib'
libexecdir='${exec_prefix}/libexec'
localedir='${datarootdir}/locale'
localstatedir='${prefix}/var'
mandir='${datarootdir}/man'
oldincludedir='/usr/include'
pdfdir='${docdir}'
prefix='/usr/local'
program_transform_name='s,x,x,'
psdir='${docdir}'
sbindir='${exec_prefix}/sbin'
sharedstatedir='${prefix}/com'
sysconfdir='${prefix}/etc'
target_alias=''

## ----------- ##
## confdefs.h. ##
## ----------- ##

#define PACKAGE_NAME "Octopoda"
#define PACKAGE_TARNAME "octopoda"
#define PACKAGE_VERSION "1.0.0.0"
#define PACKAGE_STRING "Octopoda 1.0.0.0"
#define PACKAGE_BUGREPORT "BUG-REPORT-ADDRESS"
#define HAVE_LIBBASEARE 1
#define STDC_HEADERS 1
#define HAVE_SYS_TYPES_H 1
#define HAVE_SYS_STAT_H 1
#define HAVE_STDLIB_H 1
#define HAVE_STRING_H 1
#define HAVE_MEMORY_H 1
#define HAVE_STRINGS_H 1
#define HAVE_INTTYPES_H 1
#define HAVE_STDINT_H 1
#define HAVE_UNISTD_H 1

configure: exit 1
